Build started 27-05-2019 02:41:23.
     1>Project "c:\Users\vishw\documents\visual studio 2013\Projects\Day3\Day3\Day3.vcxproj" on node 2 (Build target(s)).
     1>ClCompile:
         C:\Program Files (x86)\Microsoft Visual Studio 12.0\VC\bin\CL.exe /c /ZI /nologo /W3 /WX- /sdl /Od /Oy- /D _MBCS /Gm /EHsc /RTC1 /MDd /GS /fp:precise /Zc:wchar_t /Zc:forScope /Fo"Debug\\" /Fd"Debug\vc120.pdb" /Gd /TP /analyze- /errorReport:prompt NumberPermutations_WithoutRepitition.cpp
         NumberPermutations_WithoutRepitition.cpp
       Link:
         C:\Program Files (x86)\Microsoft Visual Studio 12.0\VC\bin\link.exe /ERRORREPORT:PROMPT /OUT:"c:\users\vishw\documents\visual studio 2013\Projects\Day3\Debug\Day3.exe" /INCREMENTAL /NOLOGO kernel32.lib user32.lib gdi32.lib winspool.lib comdlg32.lib advapi32.lib shell32.lib ole32.lib oleaut32.lib uuid.lib odbc32.lib odbccp32.lib /MANIFEST /MANIFESTUAC:"level='asInvoker' uiAccess='false'" /manifest:embed /DEBUG /PDB:"c:\users\vishw\documents\visual studio 2013\Projects\Day3\Debug\Day3.pdb" /TLBID:1 /DYNAMICBASE /NXCOMPAT /IMPLIB:"c:\users\vishw\documents\visual studio 2013\Projects\Day3\Debug\Day3.lib" /MACHINE:X86 Debug\ArraySum_LinearRec.obj
         Debug\DLLUtils.obj
         Debug\Fibonacci.obj
         Debug\Main.obj
         Debug\Matrix_StringSearch.obj
         Debug\MergeSortDLL.obj
         Debug\NumberPermutations_WithoutRepitition.obj
         Debug\permutationsOfArray.obj
         Debug\PrintKdigitnos.obj
         Debug\PrintNumbers.obj
         Debug\Staircase.obj
         Day3.vcxproj -> c:\users\vishw\documents\visual studio 2013\Projects\Day3\Debug\Day3.exe
     1>Done Building Project "c:\Users\vishw\documents\visual studio 2013\Projects\Day3\Day3\Day3.vcxproj" (Build target(s)).

Build succeeded.

Time Elapsed 00:00:00.83
